  Ham.cpp
d:\kỹ thuật lập trình\doan1_1712824\1712824\1712824\ham.cpp(48): warning C4996: 'fwscanf': This function or variable may be unsafe. Consider using fwscanf_s instead. To disable deprecation, use _CRT_SECURE_NO_WARNINGS. See online help for details.
  c:\program files (x86)\windows kits\10\include\10.0.16299.0\ucrt\corecrt_wstdio.h(853): note: see declaration of 'fwscanf'
d:\kỹ thuật lập trình\doan1_1712824\1712824\1712824\ham.cpp(84): warning C4996: '_wfopen': This function or variable may be unsafe. Consider using _wfopen_s instead. To disable deprecation, use _CRT_SECURE_NO_WARNINGS. See online help for details.
  c:\program files (x86)\windows kits\10\include\10.0.16299.0\ucrt\corecrt_wstdio.h(130): note: see declaration of '_wfopen'
d:\kỹ thuật lập trình\doan1_1712824\1712824\1712824\ham.cpp(93): warning C4996: 'wcscpy': This function or variable may be unsafe. Consider using wcscpy_s instead. To disable deprecation, use _CRT_SECURE_NO_WARNINGS. See online help for details.
  c:\program files (x86)\windows kits\10\include\10.0.16299.0\ucrt\corecrt_wstring.h(123): note: see declaration of 'wcscpy'
d:\kỹ thuật lập trình\doan1_1712824\1712824\1712824\ham.cpp(94): warning C4996: 'wcscpy': This function or variable may be unsafe. Consider using wcscpy_s instead. To disable deprecation, use _CRT_SECURE_NO_WARNINGS. See online help for details.
  c:\program files (x86)\windows kits\10\include\10.0.16299.0\ucrt\corecrt_wstring.h(123): note: see declaration of 'wcscpy'
d:\kỹ thuật lập trình\doan1_1712824\1712824\1712824\ham.cpp(95): warning C4996: 'wcscat': This function or variable may be unsafe. Consider using wcscat_s instead. To disable deprecation, use _CRT_SECURE_NO_WARNINGS. See online help for details.
  c:\program files (x86)\windows kits\10\include\10.0.16299.0\ucrt\corecrt_wstring.h(100): note: see declaration of 'wcscat'
d:\kỹ thuật lập trình\doan1_1712824\1712824\1712824\ham.cpp(96): warning C4996: 'wcscat': This function or variable may be unsafe. Consider using wcscat_s instead. To disable deprecation, use _CRT_SECURE_NO_WARNINGS. See online help for details.
  c:\program files (x86)\windows kits\10\include\10.0.16299.0\ucrt\corecrt_wstring.h(100): note: see declaration of 'wcscat'
d:\kỹ thuật lập trình\doan1_1712824\1712824\1712824\ham.cpp(97): warning C4996: '_wfopen': This function or variable may be unsafe. Consider using _wfopen_s instead. To disable deprecation, use _CRT_SECURE_NO_WARNINGS. See online help for details.
  c:\program files (x86)\windows kits\10\include\10.0.16299.0\ucrt\corecrt_wstdio.h(130): note: see declaration of '_wfopen'
d:\kỹ thuật lập trình\doan1_1712824\1712824\1712824\ham.cpp(103): warning C4996: 'wcscpy': This function or variable may be unsafe. Consider using wcscpy_s instead. To disable deprecation, use _CRT_SECURE_NO_WARNINGS. See online help for details.
  c:\program files (x86)\windows kits\10\include\10.0.16299.0\ucrt\corecrt_wstring.h(123): note: see declaration of 'wcscpy'
d:\kỹ thuật lập trình\doan1_1712824\1712824\1712824\ham.cpp(107): warning C4996: 'wcscpy': This function or variable may be unsafe. Consider using wcscpy_s instead. To disable deprecation, use _CRT_SECURE_NO_WARNINGS. See online help for details.
  c:\program files (x86)\windows kits\10\include\10.0.16299.0\ucrt\corecrt_wstring.h(123): note: see declaration of 'wcscpy'
d:\kỹ thuật lập trình\doan1_1712824\1712824\1712824\ham.cpp(108): warning C4996: 'wcscat': This function or variable may be unsafe. Consider using wcscat_s instead. To disable deprecation, use _CRT_SECURE_NO_WARNINGS. See online help for details.
  c:\program files (x86)\windows kits\10\include\10.0.16299.0\ucrt\corecrt_wstring.h(100): note: see declaration of 'wcscat'
d:\kỹ thuật lập trình\doan1_1712824\1712824\1712824\ham.cpp(109): warning C4996: 'wcscat': This function or variable may be unsafe. Consider using wcscat_s instead. To disable deprecation, use _CRT_SECURE_NO_WARNINGS. See online help for details.
  c:\program files (x86)\windows kits\10\include\10.0.16299.0\ucrt\corecrt_wstring.h(100): note: see declaration of 'wcscat'
  1712824.vcxproj -> D:\Kỹ thuật lập trình\DoAn1_1712824\1712824\Debug\1712824.exe
